{"/Users/monika/nodes/epubs/index.js":{"path":"/Users/monika/nodes/epubs/index.js","s":{"1":1,"2":1,"3":1,"4":3,"5":3,"6":3,"7":1,"8":2,"9":2,"10":2,"11":1,"12":1,"13":1,"14":5,"15":3,"16":2,"17":2,"18":2,"19":2,"20":1,"21":1,"22":1,"23":1,"24":1,"25":1,"26":0,"27":0,"28":1,"29":1,"30":0,"31":0,"32":1,"33":1,"34":0,"35":0,"36":1,"37":0,"38":0,"39":1,"40":1,"41":2,"42":3,"43":2,"44":1,"45":0,"46":0,"47":0,"48":0,"49":0,"50":0,"51":0,"52":0,"53":1},"b":{"1":[1,2],"2":[1,1],"3":[3,2],"4":[5,4,3],"5":[0,1],"6":[0,1],"7":[0,1],"8":[0,0]},"f":{"1":3,"2":5,"3":1,"4":2,"5":0},"fnMap":{"1":{"name":"saveMetadata","line":10,"loc":{"start":{"line":10,"column":23},"end":{"line":10,"column":70}}},"2":{"name":"formatMetadata","line":29,"loc":{"start":{"line":29,"column":25},"end":{"line":29,"column":59}}},"3":{"name":"extractMetadata","line":39,"loc":{"start":{"line":39,"column":26},"end":{"line":39,"column":62}}},"4":{"name":"mapDirectoryFiles","line":75,"loc":{"start":{"line":75,"column":28},"end":{"line":75,"column":67}}},"5":{"name":"(anonymous_5)","line":85,"loc":{"start":{"line":85,"column":26},"end":{"line":85,"column":41}}}},"statementMap":{"1":{"start":{"line":1,"column":0},"end":{"line":4,"column":5}},"2":{"start":{"line":6,"column":0},"end":{"line":8,"column":2}},"3":{"start":{"line":10,"column":0},"end":{"line":27,"column":1}},"4":{"start":{"line":11,"column":4},"end":{"line":13,"column":9}},"5":{"start":{"line":15,"column":4},"end":{"line":26,"column":7}},"6":{"start":{"line":16,"column":8},"end":{"line":18,"column":9}},"7":{"start":{"line":17,"column":12},"end":{"line":17,"column":27}},"8":{"start":{"line":19,"column":8},"end":{"line":19,"column":62}},"9":{"start":{"line":20,"column":8},"end":{"line":25,"column":11}},"10":{"start":{"line":21,"column":12},"end":{"line":23,"column":13}},"11":{"start":{"line":22,"column":16},"end":{"line":22,"column":31}},"12":{"start":{"line":24,"column":12},"end":{"line":24,"column":21}},"13":{"start":{"line":29,"column":0},"end":{"line":37,"column":2}},"14":{"start":{"line":30,"column":4},"end":{"line":32,"column":5}},"15":{"start":{"line":31,"column":8},"end":{"line":31,"column":25}},"16":{"start":{"line":33,"column":4},"end":{"line":33,"column":29}},"17":{"start":{"line":34,"column":4},"end":{"line":34,"column":69}},"18":{"start":{"line":35,"column":4},"end":{"line":35,"column":54}},"19":{"start":{"line":36,"column":4},"end":{"line":36,"column":27}},"20":{"start":{"line":39,"column":0},"end":{"line":73,"column":2}},"21":{"start":{"line":40,"column":4},"end":{"line":72,"column":7}},"22":{"start":{"line":41,"column":8},"end":{"line":41,"column":39}},"23":{"start":{"line":42,"column":8},"end":{"line":42,"column":34}},"24":{"start":{"line":44,"column":8},"end":{"line":69,"column":15}},"25":{"start":{"line":46,"column":16},"end":{"line":49,"column":17}},"26":{"start":{"line":47,"column":20},"end":{"line":47,"column":60}},"27":{"start":{"line":48,"column":20},"end":{"line":48,"column":56}},"28":{"start":{"line":51,"column":16},"end":{"line":51,"column":69}},"29":{"start":{"line":53,"column":16},"end":{"line":56,"column":17}},"30":{"start":{"line":54,"column":20},"end":{"line":54,"column":60}},"31":{"start":{"line":55,"column":20},"end":{"line":55,"column":56}},"32":{"start":{"line":58,"column":16},"end":{"line":64,"column":19}},"33":{"start":{"line":59,"column":20},"end":{"line":62,"column":21}},"34":{"start":{"line":60,"column":24},"end":{"line":60,"column":62}},"35":{"start":{"line":61,"column":24},"end":{"line":61,"column":60}},"36":{"start":{"line":63,"column":20},"end":{"line":63,"column":43}},"37":{"start":{"line":67,"column":16},"end":{"line":67,"column":62}},"38":{"start":{"line":68,"column":16},"end":{"line":68,"column":52}},"39":{"start":{"line":71,"column":8},"end":{"line":71,"column":21}},"40":{"start":{"line":75,"column":0},"end":{"line":83,"column":2}},"41":{"start":{"line":76,"column":4},"end":{"line":82,"column":11}},"42":{"start":{"line":78,"column":12},"end":{"line":78,"column":43}},"43":{"start":{"line":81,"column":12},"end":{"line":81,"column":54}},"44":{"start":{"line":85,"column":0},"end":{"line":102,"column":1}},"45":{"start":{"line":86,"column":4},"end":{"line":101,"column":7}},"46":{"start":{"line":87,"column":8},"end":{"line":100,"column":11}},"47":{"start":{"line":88,"column":12},"end":{"line":90,"column":13}},"48":{"start":{"line":89,"column":16},"end":{"line":89,"column":35}},"49":{"start":{"line":92,"column":12},"end":{"line":92,"column":65}},"50":{"start":{"line":94,"column":12},"end":{"line":99,"column":19}},"51":{"start":{"line":96,"column":20},"end":{"line":96,"column":34}},"52":{"start":{"line":98,"column":20},"end":{"line":98,"column":32}},"53":{"start":{"line":104,"column":0},"end":{"line":104,"column":25}}},"branchMap":{"1":{"line":16,"type":"if","locations":[{"start":{"line":16,"column":8},"end":{"line":16,"column":8}},{"start":{"line":16,"column":8},"end":{"line":16,"column":8}}]},"2":{"line":21,"type":"if","locations":[{"start":{"line":21,"column":12},"end":{"line":21,"column":12}},{"start":{"line":21,"column":12},"end":{"line":21,"column":12}}]},"3":{"line":30,"type":"if","locations":[{"start":{"line":30,"column":4},"end":{"line":30,"column":4}},{"start":{"line":30,"column":4},"end":{"line":30,"column":4}}]},"4":{"line":30,"type":"binary-expr","locations":[{"start":{"line":30,"column":8},"end":{"line":30,"column":17}},{"start":{"line":30,"column":21},"end":{"line":30,"column":36}},{"start":{"line":30,"column":40},"end":{"line":30,"column":57}}]},"5":{"line":46,"type":"if","locations":[{"start":{"line":46,"column":16},"end":{"line":46,"column":16}},{"start":{"line":46,"column":16},"end":{"line":46,"column":16}}]},"6":{"line":53,"type":"if","locations":[{"start":{"line":53,"column":16},"end":{"line":53,"column":16}},{"start":{"line":53,"column":16},"end":{"line":53,"column":16}}]},"7":{"line":59,"type":"if","locations":[{"start":{"line":59,"column":20},"end":{"line":59,"column":20}},{"start":{"line":59,"column":20},"end":{"line":59,"column":20}}]},"8":{"line":88,"type":"if","locations":[{"start":{"line":88,"column":12},"end":{"line":88,"column":12}},{"start":{"line":88,"column":12},"end":{"line":88,"column":12}}]}}}}